Flutter crash report; please file at https://github.com/flutter/flutter/issues.

## command

flutter --no-color run --machine --device-id=emulator-5554 --start-paused lib/main.dart

## exception

FileSystemException: FileSystemException: Cannot open file, path = '/home/hector/mcc-2018-g05/frontend/.flutter-plugins' (OS Error: Permission denied, errno = 13)

```
#0      _File.throwIfError (dart:io/file_impl.dart:643:7)
#1      _File.openSync (dart:io/file_impl.dart:487:5)
#2      _File.writeAsBytesSync (dart:io/file_impl.dart:612:31)
#3      _File.writeAsStringSync (dart:io/file_impl.dart:636:5)
#4      _LocalFile&LocalFileSystemEntity&ForwardingFile.writeAsStringSync (package:file/src/forwarding/forwarding_file.dart:147:16)
#5      _writeFlutterPluginsList (package:flutter_tools/src/plugins.dart:99:17)
#6      refreshPluginsList (package:flutter_tools/src/plugins.dart:288:24)
#7      FlutterProject.ensureReadyForPlatformSpecificTooling (package:flutter_tools/src/project.dart:142:5)
<asynchronous suspension>
#8      FlutterCommand.verifyThenRunCommand (package:flutter_tools/src/runner/flutter_command.dart:541:21)
<asynchronous suspension>
#9      FlutterCommand.run.<anonymous closure> (package:flutter_tools/src/runner/flutter_command.dart:488:33)
<asynchronous suspension>
#10     AppContext.run.<anonymous closure> (package:flutter_tools/src/base/context.dart:142:29)
<asynchronous suspension>
#11     _rootRun (dart:async/zone.dart:1124:13)
#12     _CustomZone.run (dart:async/zone.dart:1021:19)
#13     _runZoned (dart:async/zone.dart:1516:10)
#14     runZoned (dart:async/zone.dart:1463:12)
#15     AppContext.run (package:flutter_tools/src/base/context.dart:141:18)
<asynchronous suspension>
#16     FlutterCommand.run (package:flutter_tools/src/runner/flutter_command.dart:479:20)
#17     CommandRunner.runCommand (package:args/command_runner.dart:196:27)
<asynchronous suspension>
#18     FlutterCommandRunner.runCommand.<anonymous closure> (package:flutter_tools/src/runner/flutter_command_runner.dart:396:21)
<asynchronous suspension>
#19     AppContext.run.<anonymous closure> (package:flutter_tools/src/base/context.dart:142:29)
<asynchronous suspension>
#20     _rootRun (dart:async/zone.dart:1124:13)
#21     _CustomZone.run (dart:async/zone.dart:1021:19)
#22     _runZoned (dart:async/zone.dart:1516:10)
#23     runZoned (dart:async/zone.dart:1463:12)
#24     AppContext.run (package:flutter_tools/src/base/context.dart:141:18)
<asynchronous suspension>
#25     FlutterCommandRunner.runCommand (package:flutter_tools/src/runner/flutter_command_runner.dart:356:19)
<asynchronous suspension>
#26     CommandRunner.run.<anonymous closure> (package:args/command_runner.dart:111:29)
#27     new Future.sync (dart:async/future.dart:224:31)
#28     CommandRunner.run (package:args/command_runner.dart:111:11)
#29     FlutterCommandRunner.run (package:flutter_tools/src/runner/flutter_command_runner.dart:242:18)
#30     run.<anonymous closure> (package:flutter_tools/runner.dart:60:20)
<asynchronous suspension>
#31     AppContext.run.<anonymous closure> (package:flutter_tools/src/base/context.dart:142:29)
<asynchronous suspension>
#32     _rootRun (dart:async/zone.dart:1124:13)
#33     _CustomZone.run (dart:async/zone.dart:1021:19)
#34     _runZoned (dart:async/zone.dart:1516:10)
#35     runZoned (dart:async/zone.dart:1463:12)
#36     AppContext.run (package:flutter_tools/src/base/context.dart:141:18)
<asynchronous suspension>
#37     runInContext (package:flutter_tools/src/context_runner.dart:49:24)
<asynchronous suspension>
#38     run (package:flutter_tools/runner.dart:51:10)
#39     main (package:flutter_tools/executable.dart:51:9)
<asynchronous suspension>
#40     main (file:///b/rr/tmpAwt7mH/w/archive/flutter/packages/flutter_tools/bin/flutter_tools.dart:8:3)
#41     _startIsolate.<anonymous closure> (dart:isolate/runtime/libisolate_patch.dart:298:32)
#42     _RawReceivePortImpl._handleMessage (dart:isolate/runtime/libisolate_patch.dart:171:12)
```

## flutter doctor

```
[✓] Flutter (Channel dev, v1.2.0, on Linux, locale es_ES.UTF-8)
    • Flutter version 1.2.0 at /opt/flutter
    • Framework revision 06b979c4d5 (hace 3 semanas), 2019-01-25 14:27:35 -0500
    • Engine revision 36acd02c94
    • Dart version 2.1.1 (build 2.1.1-dev.3.2 f4afaee422)

[!] Android toolchain - develop for Android devices (Android SDK version 28.0.3)
    • Android SDK at /home/hector/Android/Sdk
    • Android NDK location not configured (optional; useful for native profiling support)
    • Platform android-28, build-tools 28.0.3
    • Java binary at: /opt/android-studio/jre/bin/java
    • Java version OpenJDK Runtime Environment (build 1.8.0_152-release-1136-b06)
    ! Some Android licenses not accepted.  To resolve this, run: flutter doctor --android-licenses

[✓] Android Studio (version 3.2)
    • Android Studio at /opt/android-studio
    • Flutter plugin version 29.1.1
    • Dart plugin version 181.5656
    • Java version OpenJDK Runtime Environment (build 1.8.0_152-release-1136-b06)

[✓] Connected device (1 available)
    • Android SDK built for x86 • emulator-5554 • android-x86 • Android 8.0.0 (API 26) (emulator)

! Doctor found issues in 1 category.
```
